2026-06-22 10:51:23,643 [INFO] 加载学校列表...
2026-06-22 10:51:24,526 [INFO] 共 1034 所学校
2026-06-22 10:51:24,542 [INFO] ============================================================
2026-06-22 10:51:24,542 [INFO] 阶段1: 搜索汇总型文章（一篇文章含多校数据）
2026-06-22 10:51:24,542 [INFO] ============================================================
2026-06-22 10:51:24,542 [INFO] 今日搜索计划 (Monday): 4 个关键词
2026-06-22 10:51:24,542 [INFO] 
查询 [1/4]: 2026 广东 高校 招生计划 扩招
2026-06-22 10:51:24,542 [INFO]   引擎 [1/8]: sogou
2026-06-22 10:51:26,908 [INFO]   找到 3 个文章链接
2026-06-22 10:51:27,299 [INFO]     ✓ search_news?docid=70: 提取到 2 条数据
2026-06-22 10:51:27,299 [INFO]       广州大学: 7100人
2026-06-22 10:51:27,299 [INFO]       中山大学: 7100人
2026-06-22 10:51:29,016 [INFO]     ✓ 20260619A09JVU00?sce: 提取到 1 条数据
2026-06-22 10:51:29,016 [INFO]       生能上公办本科大学: 10000人
2026-06-22 10:51:30,524 [INFO]   引擎 [2/8]: so360
2026-06-22 10:51:31,101 [INFO]   找到 0 个文章链接
2026-06-22 10:51:31,101 [INFO] 
查询 [2/4]: 2026年广东高校本科招生计划公布
2026-06-22 10:51:31,101 [INFO]   引擎 [3/8]: sogou
2026-06-22 10:51:33,048 [INFO]   找到 8 个文章链接
2026-06-22 10:51:33,259 [INFO]     ✓ 20260621A09PGK00?sce: 提取到 1 条数据
2026-06-22 10:51:33,259 [INFO]       暨南大学: 5260人
2026-06-22 10:51:40,077 [INFO]     ✓ 20260621A067UK00?sce: 提取到 1 条数据
2026-06-22 10:51:40,077 [INFO]       暨南大学: 5260人
2026-06-22 10:51:44,968 [INFO]   引擎 [4/8]: so360
2026-06-22 10:51:45,509 [INFO]   找到 0 个文章链接
2026-06-22 10:51:45,509 [INFO] 
查询 [3/4]: 广东多所高校2026本科招生计划
2026-06-22 10:51:45,509 [INFO]   引擎 [5/8]: sogou
2026-06-22 10:51:47,528 [INFO]   找到 7 个文章链接
2026-06-22 10:51:47,720 [INFO]     ✓ 20260621A09PGK00?sce: 提取到 1 条数据
2026-06-22 10:51:47,720 [INFO]       暨南大学: 5260人
2026-06-22 10:51:49,462 [INFO]     ✓ 20260621A067UK00?sce: 提取到 1 条数据
2026-06-22 10:51:49,462 [INFO]       暨南大学: 5260人
2026-06-22 10:51:52,814 [INFO]     ✓ 20260614A05FN800?ref: 提取到 2 条数据
2026-06-22 10:51:52,814 [INFO]       广州大学: 7100人
2026-06-22 10:51:52,814 [INFO]       中山大学: 7100人
2026-06-22 10:51:54,315 [INFO]   引擎 [6/8]: so360
2026-06-22 10:51:54,848 [INFO]   找到 0 个文章链接
2026-06-22 10:51:54,848 [INFO] 
查询 [4/4]: site:m.mp.oeeee.com 招生计划 2026
2026-06-22 10:51:54,848 [INFO]   引擎 [7/8]: sogou
2026-06-22 10:51:56,918 [INFO]   找到 0 个文章链接
2026-06-22 10:51:56,918 [INFO]   引擎 [8/8]: so360
2026-06-22 10:51:57,605 [INFO]   找到 0 个文章链接
2026-06-22 10:51:57,605 [INFO] 
汇总文章匹配结果: 8 条匹配到DB学校
2026-06-22 10:51:57,621 [INFO]   → 广州大学: 计划数无变化 (7100)
2026-06-22 10:51:57,621 [INFO]   → 中山大学: 计划数无变化 (7100)
2026-06-22 10:51:57,621 [INFO]   ✓ 暨南大学: 新增汇总记录 plan_count=5260
2026-06-22 10:51:57,631 [INFO]   → 暨南大学: 计划数无变化 (5260)
2026-06-22 10:51:57,631 [INFO]   → 暨南大学: 计划数无变化 (5260)
2026-06-22 10:51:57,631 [INFO]   → 暨南大学: 计划数无变化 (5260)
2026-06-22 10:51:57,637 [INFO]   → 广州大学: 计划数无变化 (7100)
2026-06-22 10:51:57,637 [INFO]   → 中山大学: 计划数无变化 (7100)
2026-06-22 10:51:57,637 [INFO] 
============================================================
2026-06-22 10:51:57,637 [INFO] 爬取完成
2026-06-22 10:51:57,637 [INFO] ============================================================
2026-06-22 10:51:57,637 [INFO]   现有2026计划数据: 1028/1034 所学校
2026-06-22 10:51:57,637 [INFO]   覆盖率: 99.4%
2026-06-22 10:51:57,637 [INFO] 
计划变动学校 (1所):
2026-06-22 10:51:57,637 [INFO]   暨南大学: 2363 → 7623 (+5260)
2026-06-22 10:51:57,637 [INFO] 
💡 建议: 运行以下命令更新推荐引擎:
2026-06-22 10:51:57,637 [INFO]    cd server && python -c "from services.plan_analysis_service import compute_cumulative_shifts; print('偏移计算完成')"
2026-06-22 10:51:57,637 [INFO]    然后将 config.py 中的 data_year 改为 2026
