2026-06-24 10:40:14,989 [INFO] 加载学校列表...
2026-06-24 10:40:16,017 [INFO] 共 1044 所学校
2026-06-24 10:40:16,030 [INFO] ============================================================
2026-06-24 10:40:16,030 [INFO] 阶段1: 搜索汇总型文章（一篇文章含多校数据）
2026-06-24 10:40:16,030 [INFO] ============================================================
2026-06-24 10:40:16,030 [INFO] 今日搜索计划 (Wednesday): 4 个关键词
2026-06-24 10:40:16,030 [INFO] 
查询 [1/4]: 2026 武汉 高校 在广东 招生计划
2026-06-24 10:40:16,030 [INFO]   引擎 [1/8]: sogou
2026-06-24 10:40:18,471 [INFO]   找到 1 个文章链接
2026-06-24 10:40:20,154 [INFO]   引擎 [2/8]: so360
2026-06-24 10:40:21,122 [INFO]   找到 0 个文章链接
2026-06-24 10:40:21,122 [INFO] 
查询 [2/4]: 2026 长沙 高校 本科 招生计划
2026-06-24 10:40:21,122 [INFO]   引擎 [3/8]: sogou
2026-06-24 10:40:23,288 [INFO]   找到 5 个文章链接
2026-06-24 10:40:25,043 [INFO]     ✓ 20260623A0AF6G00?ref: 提取到 1 条数据
2026-06-24 10:40:25,043 [INFO]       湖南理工大学: 6750人
2026-06-24 10:40:31,560 [INFO]   引擎 [4/8]: so360
2026-06-24 10:40:32,583 [INFO]   找到 0 个文章链接
2026-06-24 10:40:32,583 [INFO] 
查询 [3/4]: 2026 南京 高校 本科 招生计划
2026-06-24 10:40:32,583 [INFO]   引擎 [5/8]: sogou
2026-06-24 10:40:34,883 [INFO]   找到 7 个文章链接
2026-06-24 10:40:45,070 [INFO]     ✓ 20260623A08IL500?sce: 提取到 1 条数据
2026-06-24 10:40:45,070 [INFO]       上好大学: 3126人
2026-06-24 10:40:46,580 [INFO]   引擎 [6/8]: so360
2026-06-24 10:40:47,611 [INFO]   找到 0 个文章链接
2026-06-24 10:40:47,611 [INFO] 
查询 [4/4]: 2026 西安 高校 在广东 招生
2026-06-24 10:40:47,611 [INFO]   引擎 [7/8]: sogou
2026-06-24 10:40:49,804 [INFO]   找到 0 个文章链接
2026-06-24 10:40:49,804 [INFO]   引擎 [8/8]: so360
2026-06-24 10:40:50,706 [INFO]   找到 0 个文章链接
2026-06-24 10:40:50,720 [INFO] 
汇总文章匹配结果: 0 条匹配到DB学校
2026-06-24 10:40:50,720 [INFO] 
============================================================
2026-06-24 10:40:50,720 [INFO] 爬取完成
2026-06-24 10:40:50,720 [INFO] ============================================================
2026-06-24 10:40:50,720 [INFO]   现有2026计划数据: 1028/1044 所学校
2026-06-24 10:40:50,720 [INFO]   覆盖率: 98.5%
2026-06-24 10:40:50,720 [INFO] 
本次爬取未发现计划变动
