2026-06-17 15:12:44,372 [INFO] 加载学校列表...
2026-06-17 15:12:44,434 [INFO] 共 1034 所学校
2026-06-17 15:12:44,443 [INFO] ============================================================
2026-06-17 15:12:44,443 [INFO] 阶段1: 搜索汇总型文章（一篇文章含多校数据）
2026-06-17 15:12:44,443 [INFO] ============================================================
2026-06-17 15:12:44,443 [INFO] 
查询: 2026 广东 高校 招生计划 扩招
2026-06-17 15:12:44,443 [INFO]   引擎: sogou
2026-06-17 15:12:46,619 [INFO]   找到 4 个文章链接
2026-06-17 15:12:46,796 [INFO]     → https://view.inews.qq.com/a/20260616A0A3S800?scene=qqsearch&qudao=qbse: 提取到 1 条数据
2026-06-17 15:12:46,798 [INFO]       广州医科大学: 2250人
2026-06-17 15:12:46,982 [INFO]     → https://view.inews.qq.com/a/20260617A04F0G00?scene=qqsearch&qudao=qbse: 提取到 1 条数据
2026-06-17 15:12:46,982 [INFO]       惠州学院: 6796人
2026-06-17 15:12:47,068 [INFO]     → https://so.html5.qq.com/page/real/search_news?docid=70000021_9816a2e5d: 提取到 3 条数据
2026-06-17 15:12:47,069 [INFO]       广州大学: 7100人
2026-06-17 15:12:47,069 [INFO]       广州大学: 7100人
2026-06-17 15:12:47,069 [INFO]       中山大学: 7100人
2026-06-17 15:12:47,217 [INFO]     → https://view.inews.qq.com/a/20260616A0A3ST00?scene=qqsearch&qudao=qbse: 提取到 1 条数据
2026-06-17 15:12:47,217 [INFO]       广州体育学院: 767人
2026-06-17 15:12:49,219 [INFO]   引擎: so360
2026-06-17 15:12:49,696 [INFO]   找到 0 个文章链接
2026-06-17 15:12:51,698 [INFO] 
查询: 2026年广东高校本科招生计划公布
2026-06-17 15:12:51,698 [INFO]   引擎: sogou
2026-06-17 15:12:53,920 [INFO]   找到 10 个文章链接
2026-06-17 15:12:54,117 [INFO]     → https://view.inews.qq.com/a/20260616A0A3S800?scene=qqsearch&qudao=qbse: 提取到 1 条数据
2026-06-17 15:12:54,118 [INFO]       广州医科大学: 2250人
2026-06-17 15:12:54,263 [INFO]     → https://view.inews.qq.com/a/20260616A04SQ800?scene=qqsearch&qudao=qbse: 提取到 1 条数据
2026-06-17 15:12:54,263 [INFO]       中山大学: 7945人
2026-06-17 15:12:54,601 [INFO]     → https://view.inews.qq.com/a/20260614A05FN800?scene=qqsearch&qudao=qbse: 提取到 3 条数据
2026-06-17 15:12:54,601 [INFO]       广州大学: 7100人
2026-06-17 15:12:54,601 [INFO]       广州大学: 7100人
2026-06-17 15:12:54,601 [INFO]       中山大学: 7100人
2026-06-17 15:12:54,787 [INFO]     → https://view.inews.qq.com/a/20260616A0A3ST00?scene=qqsearch&qudao=qbse: 提取到 1 条数据
2026-06-17 15:12:54,787 [INFO]       广州体育学院: 767人
2026-06-17 15:12:55,126 [INFO]     → https://new.qq.com/rain/a/20260615A0AJII00?qudao=qbsearch_news&query=%: 提取到 2 条数据
2026-06-17 15:12:55,126 [INFO]       广州大学: 7100人
2026-06-17 15:12:55,126 [INFO]       今年广州大学: 7100人
2026-06-17 15:12:55,381 [INFO]     → https://view.inews.qq.com/a/20260617A05D4O00?scene=qqsearch&qudao=qbse: 提取到 1 条数据
2026-06-17 15:12:55,381 [INFO]       日从深圳技术大学: 3350人
2026-06-17 15:12:55,484 [INFO]     → https://news.qq.com/rain/a/20260614A05FN800?refer=cp_1009&scene=qqsear: 提取到 3 条数据
2026-06-17 15:12:55,485 [INFO]       广州大学: 7100人
2026-06-17 15:12:55,485 [INFO]       广州大学: 7100人
2026-06-17 15:12:55,485 [INFO]       中山大学: 7100人
2026-06-17 15:12:57,661 [INFO]   引擎: so360
2026-06-17 15:12:58,718 [INFO]   找到 0 个文章链接
2026-06-17 15:13:00,719 [INFO] 
查询: 广东多所高校2026本科招生计划
2026-06-17 15:13:00,719 [INFO]   引擎: sogou
2026-06-17 15:13:02,805 [INFO]   找到 10 个文章链接
2026-06-17 15:13:03,102 [INFO]     → https://view.inews.qq.com/a/20260616A0A3ST00?scene=qqsearch&qudao=qbse: 提取到 1 条数据
2026-06-17 15:13:03,102 [INFO]       广州体育学院: 767人
2026-06-17 15:13:03,233 [INFO]     → https://view.inews.qq.com/a/20260616A0A3S800?scene=qqsearch&qudao=qbse: 提取到 1 条数据
2026-06-17 15:13:03,234 [INFO]       广州医科大学: 2250人
2026-06-17 15:13:03,547 [INFO]     → https://view.inews.qq.com/a/20260616A09AM100?scene=qqsearch&qudao=qbse: 提取到 1 条数据
2026-06-17 15:13:03,547 [INFO]       广州医科大学: 1800人
2026-06-17 15:13:03,848 [INFO]     → https://view.inews.qq.com/a/20260616A0A3S200?scene=qqsearch&qudao=qbse: 提取到 1 条数据
2026-06-17 15:13:03,848 [INFO]       广东以色列理工学院: 700人
2026-06-17 15:13:05,849 [INFO]   引擎: so360
2026-06-17 15:13:06,959 [INFO]   找到 0 个文章链接
2026-06-17 15:13:08,960 [INFO] 
查询: 2026 广东 本科 扩招 中大 华工
2026-06-17 15:13:08,960 [INFO]   引擎: sogou
2026-06-17 15:13:11,085 [INFO]   找到 4 个文章链接
2026-06-17 15:13:11,282 [INFO]     → https://view.inews.qq.com/a/20260614A05FN800?scene=qqsearch&qudao=qbse: 提取到 3 条数据
2026-06-17 15:13:11,282 [INFO]       广州大学: 7100人
2026-06-17 15:13:11,282 [INFO]       广州大学: 7100人
2026-06-17 15:13:11,283 [INFO]       中山大学: 7100人
2026-06-17 15:13:11,626 [INFO]     → https://view.inews.qq.com/a/20260616A021AG00?scene=qqsearch&qudao=qbse: 提取到 1 条数据
2026-06-17 15:13:11,626 [INFO]       深圳大学深圳大学: 7100人
2026-06-17 15:13:13,626 [INFO]   引擎: so360
2026-06-17 15:13:14,571 [INFO]   找到 0 个文章链接
2026-06-17 15:13:16,571 [INFO] 
查询: 2026 广东高考 招生计划 汇总
2026-06-17 15:13:16,571 [INFO]   引擎: sogou
2026-06-17 15:13:17,880 [INFO]   找到 0 个文章链接
2026-06-17 15:13:19,880 [INFO]   引擎: so360
2026-06-17 15:13:20,763 [INFO]   找到 0 个文章链接
2026-06-17 15:13:22,764 [INFO] 
查询: 广东 2026 年 普通高校 招生计划
2026-06-17 15:13:22,764 [INFO]   引擎: sogou
2026-06-17 15:13:24,071 [INFO]   找到 0 个文章链接
2026-06-17 15:13:26,073 [INFO]   引擎: so360
2026-06-17 15:13:27,201 [INFO]   找到 0 个文章链接
2026-06-17 15:13:29,201 [INFO] 
汇总文章匹配结果: 26 条匹配到DB学校
2026-06-17 15:13:29,213 [INFO]   ✓ 广州医科大学: 新增汇总记录 plan_count=2250
2026-06-17 15:13:29,231 [INFO]   ✓ 惠州学院: 新增汇总记录 plan_count=6796
2026-06-17 15:13:29,242 [INFO]   ✓ 广州大学: 新增汇总记录 plan_count=7100
2026-06-17 15:13:29,255 [INFO]   → 广州大学: 计划数无变化 (7100)
2026-06-17 15:13:29,261 [INFO]   ✓ 中山大学: 新增汇总记录 plan_count=7100
2026-06-17 15:13:29,274 [INFO]   ✓ 广州体育学院: 新增汇总记录 plan_count=767
2026-06-17 15:13:29,286 [INFO]   → 广州医科大学: 计划数无变化 (2250)
2026-06-17 15:13:29,294 [INFO]   ✓ 中山大学: 更新计划 7100 → 7945
2026-06-17 15:13:29,308 [INFO]   → 广州大学: 计划数无变化 (7100)
2026-06-17 15:13:29,315 [INFO]   → 广州大学: 计划数无变化 (7100)
2026-06-17 15:13:29,323 [INFO]   ✓ 中山大学: 更新计划 7945 → 7100
2026-06-17 15:13:29,335 [INFO]   → 广州体育学院: 计划数无变化 (767)
2026-06-17 15:13:29,341 [INFO]   → 广州大学: 计划数无变化 (7100)
2026-06-17 15:13:29,347 [INFO]   → 广州大学: 计划数无变化 (7100)
2026-06-17 15:13:29,352 [INFO]   ✓ 深圳技术大学: 新增汇总记录 plan_count=3350
2026-06-17 15:13:29,366 [INFO]   → 广州大学: 计划数无变化 (7100)
2026-06-17 15:13:29,373 [INFO]   → 广州大学: 计划数无变化 (7100)
2026-06-17 15:13:29,379 [INFO]   → 中山大学: 计划数无变化 (7100)
2026-06-17 15:13:29,384 [INFO]   → 广州体育学院: 计划数无变化 (767)
2026-06-17 15:13:29,391 [INFO]   → 广州医科大学: 计划数无变化 (2250)
2026-06-17 15:13:29,398 [INFO]   ✓ 广州医科大学: 更新计划 2250 → 1800
2026-06-17 15:13:29,414 [INFO]   ✓ 广东以色列理工学院: 新增汇总记录 plan_count=700
2026-06-17 15:13:29,428 [INFO]   → 广州大学: 计划数无变化 (7100)
2026-06-17 15:13:29,434 [INFO]   → 广州大学: 计划数无变化 (7100)
2026-06-17 15:13:29,441 [INFO]   → 中山大学: 计划数无变化 (7100)
2026-06-17 15:13:29,447 [INFO]   ✓ 深圳大学: 新增汇总记录 plan_count=7100
2026-06-17 15:13:29,455 [INFO] 
============================================================
2026-06-17 15:13:29,456 [INFO] 爬取完成
2026-06-17 15:13:29,456 [INFO] ============================================================
2026-06-17 15:13:29,480 [INFO]   现有2026计划数据: 1028/1034 所学校
2026-06-17 15:13:29,480 [INFO]   覆盖率: 99.4%
2026-06-17 15:13:29,480 [INFO] 
计划变动学校 (10所):
2026-06-17 15:13:29,480 [INFO]   中国人民警察大学: 128 → 7228 (+7100)
2026-06-17 15:13:29,480 [INFO]   中山大学: 3446 → 10546 (+7100)
2026-06-17 15:13:29,480 [INFO]   中山大学: 3446 → 10546 (+7100)
2026-06-17 15:13:29,480 [INFO]   广州大学: 5472 → 12572 (+7100)
2026-06-17 15:13:29,480 [INFO]   深圳大学: 128 → 7228 (+7100)
2026-06-17 15:13:29,481 [INFO]   惠州学院: 4769 → 11565 (+6796)
2026-06-17 15:13:29,481 [INFO]   深圳技术大学: 2527 → 5877 (+3350)
2026-06-17 15:13:29,481 [INFO]   广州医科大学: 1777 → 3577 (+1800)
2026-06-17 15:13:29,481 [INFO]   广州体育学院: 88 → 855 (+767)
2026-06-17 15:13:29,481 [INFO]   广东以色列理工学院: 378 → 1078 (+700)
2026-06-17 15:13:29,481 [INFO] 
💡 建议: 运行以下命令更新推荐引擎:
2026-06-17 15:13:29,481 [INFO]    cd server && python -c "from services.plan_analysis_service import compute_cumulative_shifts; print('偏移计算完成')"
2026-06-17 15:13:29,481 [INFO]    然后将 config.py 中的 data_year 改为 2026
2026-06-17 15:13:33,385 [INFO] 加载学校列表...
2026-06-17 15:13:33,445 [INFO] 共 1034 所学校
2026-06-17 15:13:33,454 [INFO] ============================================================
2026-06-17 15:13:33,454 [INFO] 阶段1: 搜索汇总型文章（一篇文章含多校数据）
2026-06-17 15:13:33,454 [INFO] ============================================================
2026-06-17 15:13:33,454 [INFO] 
查询: 2026 广东 高校 招生计划 扩招
2026-06-17 15:13:33,454 [INFO]   引擎: sogou
2026-06-17 15:13:35,029 [INFO]   找到 0 个文章链接
2026-06-17 15:13:37,029 [INFO]   引擎: so360
2026-06-17 15:13:37,492 [INFO]   找到 0 个文章链接
2026-06-17 15:13:39,493 [INFO] 
查询: 2026年广东高校本科招生计划公布
2026-06-17 15:13:39,493 [INFO]   引擎: sogou
2026-06-17 15:13:40,763 [INFO]   找到 0 个文章链接
2026-06-17 15:13:42,763 [INFO]   引擎: so360
2026-06-17 15:13:43,234 [INFO]   找到 0 个文章链接
2026-06-17 15:13:45,236 [INFO] 
查询: 广东多所高校2026本科招生计划
2026-06-17 15:13:45,236 [INFO]   引擎: sogou
2026-06-17 15:13:46,538 [INFO]   找到 0 个文章链接
2026-06-17 15:13:48,539 [INFO]   引擎: so360
2026-06-17 15:13:48,953 [INFO]   找到 0 个文章链接
2026-06-17 15:13:50,953 [INFO] 
查询: 2026 广东 本科 扩招 中大 华工
2026-06-17 15:13:50,953 [INFO]   引擎: sogou
2026-06-17 15:13:52,261 [INFO]   找到 0 个文章链接
2026-06-17 15:13:54,263 [INFO]   引擎: so360
2026-06-17 15:13:55,018 [INFO]   找到 0 个文章链接
2026-06-17 15:13:57,019 [INFO] 
查询: 2026 广东高考 招生计划 汇总
2026-06-17 15:13:57,019 [INFO]   引擎: sogou
2026-06-17 15:13:58,346 [INFO]   找到 0 个文章链接
2026-06-17 15:14:00,347 [INFO]   引擎: so360
2026-06-17 15:14:01,036 [INFO]   找到 0 个文章链接
2026-06-17 15:14:03,037 [INFO] 
查询: 广东 2026 年 普通高校 招生计划
2026-06-17 15:14:03,037 [INFO]   引擎: sogou
2026-06-17 15:14:04,327 [INFO]   找到 0 个文章链接
2026-06-17 15:14:06,328 [INFO]   引擎: so360
2026-06-17 15:14:06,792 [INFO]   找到 0 个文章链接
2026-06-17 15:14:08,796 [INFO] 
汇总文章匹配结果: 0 条匹配到DB学校
2026-06-17 15:14:08,800 [INFO] 
============================================================
2026-06-17 15:14:08,801 [INFO] 爬取完成
2026-06-17 15:14:08,801 [INFO] ============================================================
2026-06-17 15:14:08,814 [INFO]   现有2026计划数据: 1028/1034 所学校
2026-06-17 15:14:08,814 [INFO]   覆盖率: 99.4%
2026-06-17 15:14:08,814 [INFO] 
本次爬取未发现计划变动
2026-06-17 15:16:33,951 [INFO] 加载学校列表...
2026-06-17 15:16:34,009 [INFO] 共 1034 所学校
2026-06-17 15:16:34,018 [INFO] ============================================================
2026-06-17 15:16:34,018 [INFO] 阶段1: 搜索汇总型文章（一篇文章含多校数据）
2026-06-17 15:16:34,018 [INFO] ============================================================
2026-06-17 15:16:34,018 [INFO] 
查询 [1/4]: 2026 广东 高校 招生计划 扩招
2026-06-17 15:16:34,018 [INFO]   引擎 [1/8]: sogou
2026-06-17 15:16:35,615 [INFO]   找到 0 个文章链接
2026-06-17 15:16:35,615 [INFO]   引擎 [2/8]: so360
2026-06-17 15:16:36,618 [INFO]   找到 0 个文章链接
2026-06-17 15:16:36,618 [INFO] 
查询 [2/4]: 2026年广东高校本科招生计划公布
2026-06-17 15:16:36,618 [INFO]   引擎 [3/8]: sogou
2026-06-17 15:16:37,947 [INFO]   找到 0 个文章链接
2026-06-17 15:16:37,948 [INFO]   引擎 [4/8]: so360
2026-06-17 15:16:38,467 [INFO]   找到 0 个文章链接
2026-06-17 15:16:38,467 [INFO] 
查询 [3/4]: 广东多所高校2026本科招生计划
2026-06-17 15:16:38,467 [INFO]   引擎 [5/8]: sogou
2026-06-17 15:16:39,773 [INFO]   找到 0 个文章链接
2026-06-17 15:16:39,773 [INFO]   引擎 [6/8]: so360
2026-06-17 15:16:40,498 [INFO]   找到 0 个文章链接
2026-06-17 15:16:40,498 [INFO] 
查询 [4/4]: 2026 广东 本科 扩招 中大 华工
2026-06-17 15:16:40,498 [INFO]   引擎 [7/8]: sogou
2026-06-17 15:16:41,826 [INFO]   找到 0 个文章链接
2026-06-17 15:16:41,826 [INFO]   引擎 [8/8]: so360
2026-06-17 15:16:42,531 [INFO]   找到 0 个文章链接
2026-06-17 15:16:42,532 [INFO] 
汇总文章匹配结果: 0 条匹配到DB学校
2026-06-17 15:16:42,534 [INFO] 
============================================================
2026-06-17 15:16:42,534 [INFO] 爬取完成
2026-06-17 15:16:42,534 [INFO] ============================================================
2026-06-17 15:16:42,553 [INFO]   现有2026计划数据: 1028/1034 所学校
2026-06-17 15:16:42,554 [INFO]   覆盖率: 99.4%
2026-06-17 15:16:42,554 [INFO] 
本次爬取未发现计划变动
