2026-06-18 10:56:38,376 [INFO] 加载学校列表...
2026-06-18 10:56:38,476 [INFO] 共 1034 所学校
2026-06-18 10:56:38,489 [INFO] ============================================================
2026-06-18 10:56:38,489 [INFO] 阶段1: 搜索汇总型文章（一篇文章含多校数据）
2026-06-18 10:56:38,489 [INFO] ============================================================
2026-06-18 10:56:38,489 [INFO] 今日搜索计划 (Thursday): 4 个关键词
2026-06-18 10:56:38,489 [INFO] 
查询 [1/4]: 2026 成都 高校 本科 招生计划
2026-06-18 10:56:38,489 [INFO]   引擎 [1/8]: sogou
2026-06-18 10:56:40,762 [INFO]   找到 2 个文章链接
2026-06-18 10:56:42,722 [INFO]   引擎 [2/8]: so360
2026-06-18 10:56:43,643 [INFO]   找到 0 个文章链接
2026-06-18 10:56:43,643 [INFO] 
查询 [2/4]: 2026 北京 高校 本科 招生计划
2026-06-18 10:56:43,643 [INFO]   引擎 [3/8]: sogou
2026-06-18 10:56:45,652 [INFO]   找到 5 个文章链接
2026-06-18 10:56:49,038 [INFO]     ✓ search_news?docid=70: 提取到 2 条数据
2026-06-18 10:56:49,038 [INFO]       南开大学: 4325人
2026-06-18 10:56:49,038 [INFO]       包括空天信息大学: 4325人
2026-06-18 10:56:52,187 [INFO]   引擎 [4/8]: so360
2026-06-18 10:56:53,192 [INFO]   找到 0 个文章链接
2026-06-18 10:56:53,192 [INFO] 
查询 [3/4]: 2026 上海 高校 本科 招生计划
2026-06-18 10:56:53,192 [INFO]   引擎 [5/8]: sogou
2026-06-18 10:56:55,249 [INFO]   找到 5 个文章链接
2026-06-18 10:56:57,177 [INFO]     ✓ 20260615A08E1U00?qud: 提取到 1 条数据
2026-06-18 10:56:57,177 [INFO]       日前在上海建桥学院: 4680人
2026-06-18 10:57:01,976 [INFO]   引擎 [6/8]: so360
2026-06-18 10:57:03,104 [INFO]   找到 0 个文章链接
2026-06-18 10:57:03,104 [INFO] 
查询 [4/4]: 2026 杭州 高校 本科 招生计划
2026-06-18 10:57:03,104 [INFO]   引擎 [7/8]: sogou
2026-06-18 10:57:05,244 [INFO]   找到 2 个文章链接
2026-06-18 10:57:06,885 [INFO]   引擎 [8/8]: so360
2026-06-18 10:57:07,768 [INFO]   找到 0 个文章链接
2026-06-18 10:57:07,769 [INFO] 
汇总文章匹配结果: 2 条匹配到DB学校
2026-06-18 10:57:07,771 [INFO]   ✓ 南开大学: 新增汇总记录 plan_count=4325
2026-06-18 10:57:07,780 [INFO]   ✓ 上海建桥学院: 新增汇总记录 plan_count=4680
2026-06-18 10:57:07,786 [INFO] 
============================================================
2026-06-18 10:57:07,786 [INFO] 爬取完成
2026-06-18 10:57:07,786 [INFO] ============================================================
2026-06-18 10:57:07,795 [INFO]   现有2026计划数据: 1028/1034 所学校
2026-06-18 10:57:07,796 [INFO]   覆盖率: 99.4%
2026-06-18 10:57:07,796 [INFO] 
计划变动学校 (2所):
2026-06-18 10:57:07,796 [INFO]   上海建桥学院: 74 → 4754 (+4680)
2026-06-18 10:57:07,796 [INFO]   南开大学: 103 → 4428 (+4325)
2026-06-18 10:57:07,796 [INFO] 
💡 建议: 运行以下命令更新推荐引擎:
2026-06-18 10:57:07,796 [INFO]    cd server && python -c "from services.plan_analysis_service import compute_cumulative_shifts; print('偏移计算完成')"
2026-06-18 10:57:07,796 [INFO]    然后将 config.py 中的 data_year 改为 2026
2026-06-18 11:05:11,444 [INFO] 加载学校列表...
2026-06-18 11:05:11,508 [INFO] 共 1034 所学校
2026-06-18 11:05:11,519 [INFO] ============================================================
2026-06-18 11:05:11,519 [INFO] 阶段1: 搜索汇总型文章（一篇文章含多校数据）
2026-06-18 11:05:11,519 [INFO] ============================================================
2026-06-18 11:05:11,519 [INFO] 今日搜索计划 (Thursday): 4 个关键词
2026-06-18 11:05:11,519 [INFO] 
查询 [1/4]: 2026 成都 高校 本科 招生计划
2026-06-18 11:05:11,519 [INFO]   引擎 [1/8]: sogou
2026-06-18 11:05:13,898 [INFO]   找到 2 个文章链接
2026-06-18 11:05:15,791 [INFO]   引擎 [2/8]: so360
2026-06-18 11:05:16,232 [INFO]   找到 0 个文章链接
2026-06-18 11:05:16,232 [INFO] 
查询 [2/4]: 2026 北京 高校 本科 招生计划
2026-06-18 11:05:16,232 [INFO]   引擎 [3/8]: sogou
2026-06-18 11:05:18,472 [INFO]   找到 5 个文章链接
2026-06-18 11:05:20,292 [INFO]     ✓ search_news?docid=70: 提取到 2 条数据
2026-06-18 11:05:20,292 [INFO]       南开大学: 4325人
2026-06-18 11:05:20,292 [INFO]       包括空天信息大学: 4325人
2026-06-18 11:05:25,073 [INFO]   引擎 [4/8]: so360
2026-06-18 11:05:26,092 [INFO]   找到 0 个文章链接
2026-06-18 11:05:26,092 [INFO] 
查询 [3/4]: 2026 上海 高校 本科 招生计划
2026-06-18 11:05:26,092 [INFO]   引擎 [5/8]: sogou
2026-06-18 11:05:28,084 [INFO]   找到 5 个文章链接
2026-06-18 11:05:30,026 [INFO]     ✓ 20260615A08E1U00?qud: 提取到 1 条数据
2026-06-18 11:05:30,026 [INFO]       日前在上海建桥学院: 4680人
2026-06-18 11:05:34,866 [INFO]   引擎 [6/8]: so360
2026-06-18 11:05:35,667 [INFO]   找到 0 个文章链接
2026-06-18 11:05:35,667 [INFO] 
查询 [4/4]: 2026 杭州 高校 本科 招生计划
2026-06-18 11:05:35,667 [INFO]   引擎 [7/8]: sogou
2026-06-18 11:05:37,537 [INFO]   找到 2 个文章链接
2026-06-18 11:05:39,168 [INFO]   引擎 [8/8]: so360
2026-06-18 11:05:39,796 [INFO]   找到 0 个文章链接
2026-06-18 11:05:39,797 [INFO] 
汇总文章匹配结果: 2 条匹配到DB学校
2026-06-18 11:05:39,799 [INFO]   → 南开大学: 计划数无变化 (4325)
2026-06-18 11:05:39,802 [INFO]   → 上海建桥学院: 计划数无变化 (4680)
2026-06-18 11:05:39,804 [INFO] 
============================================================
2026-06-18 11:05:39,804 [INFO] 爬取完成
2026-06-18 11:05:39,804 [INFO] ============================================================
2026-06-18 11:05:39,813 [INFO]   现有2026计划数据: 1028/1034 所学校
2026-06-18 11:05:39,813 [INFO]   覆盖率: 99.4%
2026-06-18 11:05:39,813 [INFO] 
本次爬取未发现计划变动
2026-06-18 11:05:54,654 [INFO] 加载学校列表...
2026-06-18 11:05:54,723 [INFO] 共 1034 所学校
2026-06-18 11:05:54,738 [INFO] ============================================================
2026-06-18 11:05:54,738 [INFO] 阶段1: 搜索汇总型文章（一篇文章含多校数据）
2026-06-18 11:05:54,738 [INFO] ============================================================
2026-06-18 11:05:54,738 [INFO] 今日搜索计划 (Thursday): 4 个关键词
2026-06-18 11:05:54,738 [INFO] 
查询 [1/4]: 2026 成都 高校 本科 招生计划
2026-06-18 11:05:54,738 [INFO]   引擎 [1/8]: sogou
2026-06-18 11:05:56,302 [INFO]   找到 0 个文章链接
2026-06-18 11:05:56,302 [INFO]   引擎 [2/8]: so360
2026-06-18 11:05:56,737 [INFO]   找到 0 个文章链接
2026-06-18 11:05:56,737 [INFO] 
查询 [2/4]: 2026 北京 高校 本科 招生计划
2026-06-18 11:05:56,737 [INFO]   引擎 [3/8]: sogou
2026-06-18 11:05:58,056 [INFO]   找到 0 个文章链接
2026-06-18 11:05:58,056 [INFO]   引擎 [4/8]: so360
2026-06-18 11:05:58,556 [INFO]   找到 0 个文章链接
2026-06-18 11:05:58,556 [INFO] 
查询 [3/4]: 2026 上海 高校 本科 招生计划
2026-06-18 11:05:58,557 [INFO]   引擎 [5/8]: sogou
2026-06-18 11:05:59,860 [INFO]   找到 0 个文章链接
2026-06-18 11:05:59,860 [INFO]   引擎 [6/8]: so360
2026-06-18 11:06:00,311 [INFO]   找到 0 个文章链接
2026-06-18 11:06:00,311 [INFO] 
查询 [4/4]: 2026 杭州 高校 本科 招生计划
2026-06-18 11:06:00,311 [INFO]   引擎 [7/8]: sogou
2026-06-18 11:06:01,608 [INFO]   找到 0 个文章链接
2026-06-18 11:06:01,608 [INFO]   引擎 [8/8]: so360
2026-06-18 11:06:02,028 [INFO]   找到 0 个文章链接
2026-06-18 11:06:02,028 [INFO] 
汇总文章匹配结果: 0 条匹配到DB学校
2026-06-18 11:06:02,031 [INFO] 
============================================================
2026-06-18 11:06:02,031 [INFO] 爬取完成
2026-06-18 11:06:02,031 [INFO] ============================================================
2026-06-18 11:06:02,031 [INFO]   现有2026计划数据: 1028/1034 所学校
2026-06-18 11:06:02,031 [INFO]   覆盖率: 99.4%
2026-06-18 11:06:02,031 [INFO] 
本次爬取未发现计划变动
