2026-06-25 10:00:33,277 [INFO] 加载学校列表...
2026-06-25 10:00:34,173 [INFO] 共 1044 所学校
2026-06-25 10:00:34,189 [INFO] ============================================================
2026-06-25 10:00:34,189 [INFO] 阶段1: 搜索汇总型文章（一篇文章含多校数据）
2026-06-25 10:00:34,189 [INFO] ============================================================
2026-06-25 10:00:34,189 [INFO] 今日搜索计划 (Thursday): 4 个关键词
2026-06-25 10:00:34,189 [INFO] 
查询 [1/4]: 2026 成都 高校 本科 招生计划
2026-06-25 10:00:34,189 [INFO]   引擎 [1/8]: sogou
2026-06-25 10:00:36,533 [INFO]   找到 0 个文章链接
2026-06-25 10:00:36,533 [INFO]   引擎 [2/8]: so360
2026-06-25 10:00:37,486 [INFO]   找到 0 个文章链接
2026-06-25 10:00:37,486 [INFO] 
查询 [2/4]: 2026 北京 高校 本科 招生计划
2026-06-25 10:00:37,486 [INFO]   引擎 [3/8]: sogou
2026-06-25 10:00:38,786 [INFO]   找到 0 个文章链接
2026-06-25 10:00:38,786 [INFO]   引擎 [4/8]: so360
2026-06-25 10:00:39,837 [INFO]   找到 0 个文章链接
2026-06-25 10:00:39,837 [INFO] 
查询 [3/4]: 2026 上海 高校 本科 招生计划
2026-06-25 10:00:39,837 [INFO]   引擎 [5/8]: sogou
2026-06-25 10:00:41,143 [INFO]   找到 0 个文章链接
2026-06-25 10:00:41,143 [INFO]   引擎 [6/8]: so360
2026-06-25 10:00:42,247 [INFO]   找到 0 个文章链接
2026-06-25 10:00:42,247 [INFO] 
查询 [4/4]: 2026 杭州 高校 本科 招生计划
2026-06-25 10:00:42,247 [INFO]   引擎 [7/8]: sogou
2026-06-25 10:00:43,550 [INFO]   找到 0 个文章链接
2026-06-25 10:00:43,551 [INFO]   引擎 [8/8]: so360
2026-06-25 10:00:44,501 [INFO]   找到 0 个文章链接
2026-06-25 10:00:44,501 [INFO] 
汇总文章匹配结果: 0 条匹配到DB学校
2026-06-25 10:00:44,501 [INFO] 
============================================================
2026-06-25 10:00:44,501 [INFO] 爬取完成
2026-06-25 10:00:44,501 [INFO] ============================================================
2026-06-25 10:00:44,509 [INFO]   现有2026计划数据: 1028/1044 所学校
2026-06-25 10:00:44,509 [INFO]   覆盖率: 98.5%
2026-06-25 10:00:44,509 [INFO] 
本次爬取未发现计划变动
