[鍛ㄥ洓 18/06/2026 11:05:10.71] start 
2026-06-18 11:05:11,444 [INFO] 加载学校列表...
2026-06-18 11:05:11,508 [INFO] 共 1034 所学校
2026-06-18 11:05:11,519 [INFO] ============================================================
2026-06-18 11:05:11,519 [INFO] 阶段1: 搜索汇总型文章（一篇文章含多校数据）
2026-06-18 11:05:11,519 [INFO] ============================================================
2026-06-18 11:05:11,519 [INFO] 今日搜索计划 (Thursday): 4 个关键词
2026-06-18 11:05:11,519 [INFO] 
查询 [1/4]: 2026 成都 高校 本科 招生计划
2026-06-18 11:05:11,519 [INFO]   引擎 [1/8]: sogou
2026-06-18 11:05:13,898 [INFO]   找到 2 个文章链接
2026-06-18 11:05:15,791 [INFO]   引擎 [2/8]: so360
2026-06-18 11:05:16,232 [INFO]   找到 0 个文章链接
2026-06-18 11:05:16,232 [INFO] 
查询 [2/4]: 2026 北京 高校 本科 招生计划
2026-06-18 11:05:16,232 [INFO]   引擎 [3/8]: sogou
2026-06-18 11:05:18,472 [INFO]   找到 5 个文章链接
2026-06-18 11:05:20,292 [INFO]     \u2713 search_news?docid=70: 提取到 2 条数据
2026-06-18 11:05:20,292 [INFO]       南开大学: 4325人
2026-06-18 11:05:20,292 [INFO]       包括空天信息大学: 4325人
2026-06-18 11:05:25,073 [INFO]   引擎 [4/8]: so360
2026-06-18 11:05:26,092 [INFO]   找到 0 个文章链接
2026-06-18 11:05:26,092 [INFO] 
查询 [3/4]: 2026 上海 高校 本科 招生计划
2026-06-18 11:05:26,092 [INFO]   引擎 [5/8]: sogou
2026-06-18 11:05:28,084 [INFO]   找到 5 个文章链接
2026-06-18 11:05:30,026 [INFO]     \u2713 20260615A08E1U00?qud: 提取到 1 条数据
2026-06-18 11:05:30,026 [INFO]       日前在上海建桥学院: 4680人
2026-06-18 11:05:34,866 [INFO]   引擎 [6/8]: so360
2026-06-18 11:05:35,667 [INFO]   找到 0 个文章链接
2026-06-18 11:05:35,667 [INFO] 
查询 [4/4]: 2026 杭州 高校 本科 招生计划
2026-06-18 11:05:35,667 [INFO]   引擎 [7/8]: sogou
2026-06-18 11:05:37,537 [INFO]   找到 2 个文章链接
2026-06-18 11:05:39,168 [INFO]   引擎 [8/8]: so360
2026-06-18 11:05:39,796 [INFO]   找到 0 个文章链接
2026-06-18 11:05:39,797 [INFO] 
汇总文章匹配结果: 2 条匹配到DB学校
2026-06-18 11:05:39,799 [INFO]   → 南开大学: 计划数无变化 (4325)
2026-06-18 11:05:39,802 [INFO]   → 上海建桥学院: 计划数无变化 (4680)
2026-06-18 11:05:39,804 [INFO] 
============================================================
2026-06-18 11:05:39,804 [INFO] 爬取完成
2026-06-18 11:05:39,804 [INFO] ============================================================
2026-06-18 11:05:39,813 [INFO]   现有2026计划数据: 1028/1034 所学校
2026-06-18 11:05:39,813 [INFO]   覆盖率: 99.4%
2026-06-18 11:05:39,813 [INFO] 
本次爬取未发现计划变动
[鍛ㄥ洓 18/06/2026 11:05:39.87] done exit=0 
[鍛ㄥ洓 18/06/2026 11:05:53.92] start 
2026-06-18 11:05:54,654 [INFO] 加载学校列表...
2026-06-18 11:05:54,723 [INFO] 共 1034 所学校
2026-06-18 11:05:54,738 [INFO] ============================================================
2026-06-18 11:05:54,738 [INFO] 阶段1: 搜索汇总型文章（一篇文章含多校数据）
2026-06-18 11:05:54,738 [INFO] ============================================================
2026-06-18 11:05:54,738 [INFO] 今日搜索计划 (Thursday): 4 个关键词
2026-06-18 11:05:54,738 [INFO] 
查询 [1/4]: 2026 成都 高校 本科 招生计划
2026-06-18 11:05:54,738 [INFO]   引擎 [1/8]: sogou
2026-06-18 11:05:56,302 [INFO]   找到 0 个文章链接
2026-06-18 11:05:56,302 [INFO]   引擎 [2/8]: so360
2026-06-18 11:05:56,737 [INFO]   找到 0 个文章链接
2026-06-18 11:05:56,737 [INFO] 
查询 [2/4]: 2026 北京 高校 本科 招生计划
2026-06-18 11:05:56,737 [INFO]   引擎 [3/8]: sogou
2026-06-18 11:05:58,056 [INFO]   找到 0 个文章链接
2026-06-18 11:05:58,056 [INFO]   引擎 [4/8]: so360
2026-06-18 11:05:58,556 [INFO]   找到 0 个文章链接
2026-06-18 11:05:58,556 [INFO] 
查询 [3/4]: 2026 上海 高校 本科 招生计划
2026-06-18 11:05:58,557 [INFO]   引擎 [5/8]: sogou
2026-06-18 11:05:59,860 [INFO]   找到 0 个文章链接
2026-06-18 11:05:59,860 [INFO]   引擎 [6/8]: so360
2026-06-18 11:06:00,311 [INFO]   找到 0 个文章链接
2026-06-18 11:06:00,311 [INFO] 
查询 [4/4]: 2026 杭州 高校 本科 招生计划
2026-06-18 11:06:00,311 [INFO]   引擎 [7/8]: sogou
2026-06-18 11:06:01,608 [INFO]   找到 0 个文章链接
2026-06-18 11:06:01,608 [INFO]   引擎 [8/8]: so360
2026-06-18 11:06:02,028 [INFO]   找到 0 个文章链接
2026-06-18 11:06:02,028 [INFO] 
汇总文章匹配结果: 0 条匹配到DB学校
2026-06-18 11:06:02,031 [INFO] 
============================================================
2026-06-18 11:06:02,031 [INFO] 爬取完成
2026-06-18 11:06:02,031 [INFO] ============================================================
2026-06-18 11:06:02,031 [INFO]   现有2026计划数据: 1028/1034 所学校
2026-06-18 11:06:02,031 [INFO]   覆盖率: 99.4%
2026-06-18 11:06:02,031 [INFO] 
本次爬取未发现计划变动
[鍛ㄥ洓 18/06/2026 11:06:02.09] done exit=0 
[鍛ㄦ棩 21/06/2026 22:13:15.04] start 
2026-06-21 22:13:17,481 [INFO] 加载学校列表...
2026-06-21 22:13:18,600 [INFO] 共 1034 所学校
2026-06-21 22:13:18,617 [INFO] ============================================================
2026-06-21 22:13:18,617 [INFO] 阶段1: 搜索汇总型文章（一篇文章含多校数据）
2026-06-21 22:13:18,618 [INFO] ============================================================
2026-06-21 22:13:18,618 [INFO] 今日搜索计划 (Sunday): 4 个关键词
2026-06-21 22:13:18,618 [INFO] 
查询 [1/4]: 2026 本科招生计划 扩招 全国
2026-06-21 22:13:18,618 [INFO]   引擎 [1/8]: sogou
^C[鍛ㄤ竴 22/06/2026 10:51:21.90] start 
2026-06-22 10:51:23,643 [INFO] 加载学校列表...
2026-06-22 10:51:24,526 [INFO] 共 1034 所学校
2026-06-22 10:51:24,542 [INFO] ============================================================
2026-06-22 10:51:24,542 [INFO] 阶段1: 搜索汇总型文章（一篇文章含多校数据）
2026-06-22 10:51:24,542 [INFO] ============================================================
2026-06-22 10:51:24,542 [INFO] 今日搜索计划 (Monday): 4 个关键词
2026-06-22 10:51:24,542 [INFO] 
查询 [1/4]: 2026 广东 高校 招生计划 扩招
2026-06-22 10:51:24,542 [INFO]   引擎 [1/8]: sogou
2026-06-22 10:51:26,908 [INFO]   找到 3 个文章链接
2026-06-22 10:51:27,299 [INFO]     \u2713 search_news?docid=70: 提取到 2 条数据
2026-06-22 10:51:27,299 [INFO]       广州大学: 7100人
2026-06-22 10:51:27,299 [INFO]       中山大学: 7100人
2026-06-22 10:51:29,016 [INFO]     \u2713 20260619A09JVU00?sce: 提取到 1 条数据
2026-06-22 10:51:29,016 [INFO]       生能上公办本科大学: 10000人
2026-06-22 10:51:30,524 [INFO]   引擎 [2/8]: so360
2026-06-22 10:51:31,101 [INFO]   找到 0 个文章链接
2026-06-22 10:51:31,101 [INFO] 
查询 [2/4]: 2026年广东高校本科招生计划公布
2026-06-22 10:51:31,101 [INFO]   引擎 [3/8]: sogou
2026-06-22 10:51:33,048 [INFO]   找到 8 个文章链接
2026-06-22 10:51:33,259 [INFO]     \u2713 20260621A09PGK00?sce: 提取到 1 条数据
2026-06-22 10:51:33,259 [INFO]       暨南大学: 5260人
2026-06-22 10:51:40,077 [INFO]     \u2713 20260621A067UK00?sce: 提取到 1 条数据
2026-06-22 10:51:40,077 [INFO]       暨南大学: 5260人
2026-06-22 10:51:44,968 [INFO]   引擎 [4/8]: so360
2026-06-22 10:51:45,509 [INFO]   找到 0 个文章链接
2026-06-22 10:51:45,509 [INFO] 
查询 [3/4]: 广东多所高校2026本科招生计划
2026-06-22 10:51:45,509 [INFO]   引擎 [5/8]: sogou
2026-06-22 10:51:47,528 [INFO]   找到 7 个文章链接
2026-06-22 10:51:47,720 [INFO]     \u2713 20260621A09PGK00?sce: 提取到 1 条数据
2026-06-22 10:51:47,720 [INFO]       暨南大学: 5260人
2026-06-22 10:51:49,462 [INFO]     \u2713 20260621A067UK00?sce: 提取到 1 条数据
2026-06-22 10:51:49,462 [INFO]       暨南大学: 5260人
2026-06-22 10:51:52,814 [INFO]     \u2713 20260614A05FN800?ref: 提取到 2 条数据
2026-06-22 10:51:52,814 [INFO]       广州大学: 7100人
2026-06-22 10:51:52,814 [INFO]       中山大学: 7100人
2026-06-22 10:51:54,315 [INFO]   引擎 [6/8]: so360
2026-06-22 10:51:54,848 [INFO]   找到 0 个文章链接
2026-06-22 10:51:54,848 [INFO] 
查询 [4/4]: site:m.mp.oeeee.com 招生计划 2026
2026-06-22 10:51:54,848 [INFO]   引擎 [7/8]: sogou
2026-06-22 10:51:56,918 [INFO]   找到 0 个文章链接
2026-06-22 10:51:56,918 [INFO]   引擎 [8/8]: so360
2026-06-22 10:51:57,605 [INFO]   找到 0 个文章链接
2026-06-22 10:51:57,605 [INFO] 
汇总文章匹配结果: 8 条匹配到DB学校
2026-06-22 10:51:57,621 [INFO]   → 广州大学: 计划数无变化 (7100)
2026-06-22 10:51:57,621 [INFO]   → 中山大学: 计划数无变化 (7100)
2026-06-22 10:51:57,621 [INFO]   \u2713 暨南大学: 新增汇总记录 plan_count=5260
2026-06-22 10:51:57,631 [INFO]   → 暨南大学: 计划数无变化 (5260)
2026-06-22 10:51:57,631 [INFO]   → 暨南大学: 计划数无变化 (5260)
2026-06-22 10:51:57,631 [INFO]   → 暨南大学: 计划数无变化 (5260)
2026-06-22 10:51:57,637 [INFO]   → 广州大学: 计划数无变化 (7100)
2026-06-22 10:51:57,637 [INFO]   → 中山大学: 计划数无变化 (7100)
2026-06-22 10:51:57,637 [INFO] 
============================================================
2026-06-22 10:51:57,637 [INFO] 爬取完成
2026-06-22 10:51:57,637 [INFO] ============================================================
2026-06-22 10:51:57,637 [INFO]   现有2026计划数据: 1028/1034 所学校
2026-06-22 10:51:57,637 [INFO]   覆盖率: 99.4%
2026-06-22 10:51:57,637 [INFO] 
计划变动学校 (1所):
2026-06-22 10:51:57,637 [INFO]   暨南大学: 2363 → 7623 (+5260)
2026-06-22 10:51:57,637 [INFO] 
\U0001f4a1 建议: 运行以下命令更新推荐引擎:
2026-06-22 10:51:57,637 [INFO]    cd server && python -c "from services.plan_analysis_service import compute_cumulative_shifts; print('偏移计算完成')"
2026-06-22 10:51:57,637 [INFO]    然后将 config.py 中的 data_year 改为 2026
[鍛ㄤ竴 22/06/2026 10:51:57.68] done exit=0 
[鍛ㄤ簩 23/06/2026 15:23:46.82] start 
2026-06-23 15:23:50,916 [INFO] 加载学校列表...
2026-06-23 15:23:52,770 [INFO] 共 1034 所学校
2026-06-23 15:23:52,795 [INFO] ============================================================
2026-06-23 15:23:52,800 [INFO] 阶段1: 搜索汇总型文章（一篇文章含多校数据）
2026-06-23 15:23:52,800 [INFO] ============================================================
2026-06-23 15:23:52,800 [INFO] 今日搜索计划 (Tuesday): 4 个关键词
2026-06-23 15:23:52,800 [INFO] 
查询 [1/4]: 2026 年全国高校在广东招生计划
2026-06-23 15:23:52,800 [INFO]   引擎 [1/8]: sogou
^C[鍛ㄤ笁 24/06/2026 10:40:12.96] start 
2026-06-24 10:40:14,989 [INFO] 加载学校列表...
2026-06-24 10:40:16,017 [INFO] 共 1044 所学校
2026-06-24 10:40:16,030 [INFO] ============================================================
2026-06-24 10:40:16,030 [INFO] 阶段1: 搜索汇总型文章（一篇文章含多校数据）
2026-06-24 10:40:16,030 [INFO] ============================================================
2026-06-24 10:40:16,030 [INFO] 今日搜索计划 (Wednesday): 4 个关键词
2026-06-24 10:40:16,030 [INFO] 
查询 [1/4]: 2026 武汉 高校 在广东 招生计划
2026-06-24 10:40:16,030 [INFO]   引擎 [1/8]: sogou
2026-06-24 10:40:18,471 [INFO]   找到 1 个文章链接
2026-06-24 10:40:20,154 [INFO]   引擎 [2/8]: so360
2026-06-24 10:40:21,122 [INFO]   找到 0 个文章链接
2026-06-24 10:40:21,122 [INFO] 
查询 [2/4]: 2026 长沙 高校 本科 招生计划
2026-06-24 10:40:21,122 [INFO]   引擎 [3/8]: sogou
2026-06-24 10:40:23,288 [INFO]   找到 5 个文章链接
2026-06-24 10:40:25,043 [INFO]     \u2713 20260623A0AF6G00?ref: 提取到 1 条数据
2026-06-24 10:40:25,043 [INFO]       湖南理工大学: 6750人
2026-06-24 10:40:31,560 [INFO]   引擎 [4/8]: so360
2026-06-24 10:40:32,583 [INFO]   找到 0 个文章链接
2026-06-24 10:40:32,583 [INFO] 
查询 [3/4]: 2026 南京 高校 本科 招生计划
2026-06-24 10:40:32,583 [INFO]   引擎 [5/8]: sogou
2026-06-24 10:40:34,883 [INFO]   找到 7 个文章链接
2026-06-24 10:40:45,070 [INFO]     \u2713 20260623A08IL500?sce: 提取到 1 条数据
2026-06-24 10:40:45,070 [INFO]       上好大学: 3126人
2026-06-24 10:40:46,580 [INFO]   引擎 [6/8]: so360
2026-06-24 10:40:47,611 [INFO]   找到 0 个文章链接
2026-06-24 10:40:47,611 [INFO] 
查询 [4/4]: 2026 西安 高校 在广东 招生
2026-06-24 10:40:47,611 [INFO]   引擎 [7/8]: sogou
2026-06-24 10:40:49,804 [INFO]   找到 0 个文章链接
2026-06-24 10:40:49,804 [INFO]   引擎 [8/8]: so360
2026-06-24 10:40:50,706 [INFO]   找到 0 个文章链接
2026-06-24 10:40:50,720 [INFO] 
汇总文章匹配结果: 0 条匹配到DB学校
2026-06-24 10:40:50,720 [INFO] 
============================================================
2026-06-24 10:40:50,720 [INFO] 爬取完成
2026-06-24 10:40:50,720 [INFO] ============================================================
2026-06-24 10:40:50,720 [INFO]   现有2026计划数据: 1028/1044 所学校
2026-06-24 10:40:50,720 [INFO]   覆盖率: 98.5%
2026-06-24 10:40:50,720 [INFO] 
本次爬取未发现计划变动
[鍛ㄤ笁 24/06/2026 10:40:50.75] done exit=0 
[鍛ㄥ洓 25/06/2026 10:00:31.64] start 
2026-06-25 10:00:33,277 [INFO] 加载学校列表...
2026-06-25 10:00:34,173 [INFO] 共 1044 所学校
2026-06-25 10:00:34,189 [INFO] ============================================================
2026-06-25 10:00:34,189 [INFO] 阶段1: 搜索汇总型文章（一篇文章含多校数据）
2026-06-25 10:00:34,189 [INFO] ============================================================
2026-06-25 10:00:34,189 [INFO] 今日搜索计划 (Thursday): 4 个关键词
2026-06-25 10:00:34,189 [INFO] 
查询 [1/4]: 2026 成都 高校 本科 招生计划
2026-06-25 10:00:34,189 [INFO]   引擎 [1/8]: sogou
2026-06-25 10:00:36,533 [INFO]   找到 0 个文章链接
2026-06-25 10:00:36,533 [INFO]   引擎 [2/8]: so360
2026-06-25 10:00:37,486 [INFO]   找到 0 个文章链接
2026-06-25 10:00:37,486 [INFO] 
查询 [2/4]: 2026 北京 高校 本科 招生计划
2026-06-25 10:00:37,486 [INFO]   引擎 [3/8]: sogou
2026-06-25 10:00:38,786 [INFO]   找到 0 个文章链接
2026-06-25 10:00:38,786 [INFO]   引擎 [4/8]: so360
2026-06-25 10:00:39,837 [INFO]   找到 0 个文章链接
2026-06-25 10:00:39,837 [INFO] 
查询 [3/4]: 2026 上海 高校 本科 招生计划
2026-06-25 10:00:39,837 [INFO]   引擎 [5/8]: sogou
2026-06-25 10:00:41,143 [INFO]   找到 0 个文章链接
2026-06-25 10:00:41,143 [INFO]   引擎 [6/8]: so360
2026-06-25 10:00:42,247 [INFO]   找到 0 个文章链接
2026-06-25 10:00:42,247 [INFO] 
查询 [4/4]: 2026 杭州 高校 本科 招生计划
2026-06-25 10:00:42,247 [INFO]   引擎 [7/8]: sogou
2026-06-25 10:00:43,550 [INFO]   找到 0 个文章链接
2026-06-25 10:00:43,551 [INFO]   引擎 [8/8]: so360
2026-06-25 10:00:44,501 [INFO]   找到 0 个文章链接
2026-06-25 10:00:44,501 [INFO] 
汇总文章匹配结果: 0 条匹配到DB学校
2026-06-25 10:00:44,501 [INFO] 
============================================================
2026-06-25 10:00:44,501 [INFO] 爬取完成
2026-06-25 10:00:44,501 [INFO] ============================================================
2026-06-25 10:00:44,509 [INFO]   现有2026计划数据: 1028/1044 所学校
2026-06-25 10:00:44,509 [INFO]   覆盖率: 98.5%
2026-06-25 10:00:44,509 [INFO] 
本次爬取未发现计划变动
[鍛ㄥ洓 25/06/2026 10:00:44.54] done exit=0 
[鍛ㄥ叚 27/06/2026 14:33:07.72] start 
2026-06-27 14:33:09,730 [INFO] 加载学校列表...
2026-06-27 14:33:10,613 [INFO] 共 1044 所学校
2026-06-27 14:33:10,630 [INFO] ============================================================
2026-06-27 14:33:10,630 [INFO] 阶段1: 搜索汇总型文章（一篇文章含多校数据）
2026-06-27 14:33:10,630 [INFO] ============================================================
2026-06-27 14:33:10,631 [INFO] 今日搜索计划 (Saturday): 4 个关键词
2026-06-27 14:33:10,631 [INFO] 
查询 [1/4]: 2026年广东高校本科招生计划公布
2026-06-27 14:33:10,631 [INFO]   引擎 [1/8]: sogou
^C[鍛ㄦ棩 28/06/2026 12:57:05.05] start 
